Using pre-set license
Built from '2021.3/staging' branch; Version is '2021.3.22f1 (b6c551784ba3) revision 11978065'; Using compiler version '192829333'; Build Type 'Release'
OS: 'Windows 11  (10.0.22000) 64bit Professional' Language: 'ko' Physical Memory: 32472 MB
BatchMode: 1, IsHumanControllingUs: 0, StartBugReporterOnCrash: 0, Is64bit: 1, IsPro: 1

COMMAND LINE ARGUMENTS:
C:\Program Files\Unity\Hub\Editor\2021.3.22f1\Editor\Unity.exe
-adb2
-batchMode
-noUpm
-name
AssetImportWorker0
-projectPath
C:/Users/user/Documents/GitHub/VR-project/My project
-logFile
Logs/AssetImportWorker0.log
-srvPort
52849
Successfully changed project path to: C:/Users/user/Documents/GitHub/VR-project/My project
C:/Users/user/Documents/GitHub/VR-project/My project
[UnityMemory] Configuration Parameters - Can be set up in boot.config
    "memorysetup-bucket-allocator-granularity=16"
    "memorysetup-bucket-allocator-bucket-count=8"
    "memorysetup-bucket-allocator-block-size=33554432"
    "memorysetup-bucket-allocator-block-count=8"
    "memorysetup-main-allocator-block-size=16777216"
    "memorysetup-thread-allocator-block-size=16777216"
    "memorysetup-gfx-main-allocator-block-size=16777216"
    "memorysetup-gfx-thread-allocator-block-size=16777216"
    "memorysetup-cache-allocator-block-size=4194304"
    "memorysetup-typetree-allocator-block-size=2097152"
    "memorysetup-profiler-bucket-allocator-granularity=16"
    "memorysetup-profiler-bucket-allocator-bucket-count=8"
    "memorysetup-profiler-bucket-allocator-block-size=33554432"
    "memorysetup-profiler-bucket-allocator-block-count=8"
    "memorysetup-profiler-allocator-block-size=16777216"
    "memorysetup-profiler-editor-allocator-block-size=1048576"
    "memorysetup-temp-allocator-size-main=16777216"
    "memorysetup-job-temp-allocator-block-size=2097152"
    "memorysetup-job-temp-allocator-block-size-background=1048576"
    "memorysetup-job-temp-allocator-reduction-small-platforms=262144"
    "memorysetup-temp-allocator-size-background-worker=32768"
    "memorysetup-temp-allocator-size-job-worker=262144"
    "memorysetup-temp-allocator-size-preload-manager=33554432"
    "memorysetup-temp-allocator-size-nav-mesh-worker=65536"
    "memorysetup-temp-allocator-size-audio-worker=65536"
    "memorysetup-temp-allocator-size-cloud-worker=32768"
    "memorysetup-temp-allocator-size-gi-baking-worker=262144"
    "memorysetup-temp-allocator-size-gfx=262144"
Player connection [32188] Host "[IP] 169.254.99.227 [Port] 0 [Flags] 2 [Guid] 3790389324 [EditorId] 3790389324 [Version] 1048832 [Id] WindowsEditor(7,sw0501) [Debug] 1 [PackageName] WindowsEditor [ProjectName] Editor" joined multi-casting on [225.0.0.222:54997]...

Player connection [32188] Host "[IP] 169.254.99.227 [Port] 0 [Flags] 2 [Guid] 3790389324 [EditorId] 3790389324 [Version] 1048832 [Id] WindowsEditor(7,sw0501) [Debug] 1 [PackageName] WindowsEditor [ProjectName] Editor" joined alternative multi-casting on [225.0.0.222:34997]...

Refreshing native plugins compatible for Editor in 103.47 ms, found 7 plugins.
Preloading 1 native plugins for Editor in 0.60 ms.
Initialize engine version: 2021.3.22f1 (b6c551784ba3)
[Subsystems] Discovering subsystems at path C:/Program Files/Unity/Hub/Editor/2021.3.22f1/Editor/Data/Resources/UnitySubsystems
[Subsystems] Discovering subsystems at path C:/Users/user/Documents/GitHub/VR-project/My project/Assets
GfxDevice: creating device client; threaded=0; jobified=0
Direct3D:
    Version:  Direct3D 11.0 [level 11.1]
    Renderer: NVIDIA GeForce RTX 3060 Laptop GPU (ID=0x2520)
    Vendor:   NVIDIA
    VRAM:     6023 MB
    Driver:   30.0.15.1165
Shader 'Oculus/OVRMRCameraFrameLit': fallback shader 'Alpha-Diffuse' not found
Initialize mono
Mono path[0] = 'C:/Program Files/Unity/Hub/Editor/2021.3.22f1/Editor/Data/Managed'
Mono path[1] = 'C:/Program Files/Unity/Hub/Editor/2021.3.22f1/Editor/Data/MonoBleedingEdge/lib/mono/unityjit-win32'
Mono config path = 'C:/Program Files/Unity/Hub/Editor/2021.3.22f1/Editor/Data/MonoBleedingEdge/etc'
Using monoOptions --debugger-agent=transport=dt_socket,embedding=1,server=y,suspend=n,address=127.0.0.1:56256
Begin MonoManager ReloadAssembly
Registering precompiled unity dll's ...
Register platform support module: C:/Program Files/Unity/Hub/Editor/2021.3.22f1/Editor/Data/PlaybackEngines/iOSSupport/UnityEditor.iOS.Extensions.dll
Register platform support module: C:/Program Files/Unity/Hub/Editor/2021.3.22f1/Editor/Data/PlaybackEngines/WindowsStandaloneSupport/UnityEditor.WindowsStandalone.Extensions.dll
Registered in 0.005653 seconds.
Native extension for WindowsStandalone target not found
Native extension for iOS target not found
Refreshing native plugins compatible for Editor in 95.49 ms, found 7 plugins.
Preloading 1 native plugins for Editor in 0.10 ms.
Mono: successfully reloaded assembly
- Completed reload, in  0.641 seconds
Domain Reload Profiling:
	ReloadAssembly (641ms)
		BeginReloadAssembly (86ms)
			ExecutionOrderSort (0ms)
			DisableScriptedObjects (0ms)
			BackupInstance (0ms)
			ReleaseScriptingObjects (0ms)
			CreateAndSetChildDomain (1ms)
		EndReloadAssembly (462ms)
			LoadAssemblies (85ms)
			RebuildTransferFunctionScriptingTraits (0ms)
			SetupTypeCache (108ms)
			ReleaseScriptCaches (0ms)
			RebuildScriptCaches (34ms)
			SetupLoadedEditorAssemblies (267ms)
				LogAssemblyErrors (0ms)
				InitializePlatformSupportModulesInManaged (33ms)
				SetLoadedEditorAssemblies (0ms)
				RefreshPlugins (96ms)
				BeforeProcessingInitializeOnLoad (1ms)
				ProcessInitializeOnLoadAttributes (102ms)
				ProcessInitializeOnLoadMethodAttributes (35ms)
				AfterProcessingInitializeOnLoad (0ms)
				EditorAssembliesLoaded (0ms)
			ExecutionOrderSort2 (0ms)
			AwakeInstancesAfterBackupRestoration (0ms)
Platform modules already initialized, skipping
Registering precompiled user dll's ...
Registered in 0.005235 seconds.
Begin MonoManager ReloadAssembly
Native extension for WindowsStandalone target not found
Native extension for iOS target not found
Refreshing native plugins compatible for Editor in 1.29 ms, found 7 plugins.
Preloading 1 native plugins for Editor in 0.15 ms.
Package Manager log level set to [2]
Mono: successfully reloaded assembly
- Completed reload, in  1.099 seconds
Domain Reload Profiling:
	ReloadAssembly (1100ms)
		BeginReloadAssembly (106ms)
			ExecutionOrderSort (0ms)
			DisableScriptedObjects (4ms)
			BackupInstance (0ms)
			ReleaseScriptingObjects (0ms)
			CreateAndSetChildDomain (18ms)
		EndReloadAssembly (895ms)
			LoadAssemblies (103ms)
			RebuildTransferFunctionScriptingTraits (0ms)
			SetupTypeCache (251ms)
			ReleaseScriptCaches (0ms)
			RebuildScriptCaches (91ms)
			SetupLoadedEditorAssemblies (426ms)
				LogAssemblyErrors (0ms)
				InitializePlatformSupportModulesInManaged (20ms)
				SetLoadedEditorAssemblies (0ms)
				RefreshPlugins (2ms)
				BeforeProcessingInitializeOnLoad (87ms)
				ProcessInitializeOnLoadAttributes (295ms)
				ProcessInitializeOnLoadMethodAttributes (16ms)
				AfterProcessingInitializeOnLoad (5ms)
				EditorAssembliesLoaded (0ms)
			ExecutionOrderSort2 (0ms)
			AwakeInstancesAfterBackupRestoration (5ms)
Platform modules already initialized, skipping
========================================================================
Worker process is ready to serve import requests
Shader 'Oculus/OVRMRCameraFrameLit': fallback shader 'Alpha-Diffuse' not found
Launched and connected shader compiler UnityShaderCompiler.exe after 0.07 seconds
Refreshing native plugins compatible for Editor in 1.65 ms, found 7 plugins.
Preloading 1 native plugins for Editor in 0.11 ms.
Unloading 4653 Unused Serialized files (Serialized files now loaded: 0)
Unloading 56 unused Assets / (196.0 KB). Loaded Objects now: 5086.
Memory consumption went from 169.3 MB to 169.2 MB.
Total: 5.465700 ms (FindLiveObjects: 0.440900 ms CreateObjectMapping: 0.299600 ms MarkObjects: 4.427800 ms  DeleteObjects: 0.296000 ms)

AssetImportParameters requested are different than current active one (requested -> active):
  custom:video-decoder-ogg-theora: a1e56fd34408186e4bbccfd4996cb3dc -> 
  custom:container-muxer-webm: aa71ff27fc2769a1b78a27578f13a17b -> 
  custom:container-demuxer-webm: 4f35f7cbe854078d1ac9338744f61a02 -> 
  custom:video-encoder-webm-vp8: eb34c28f22e8b96e1ab97ce403110664 -> 
  custom:audio-encoder-webm-vorbis: bf7c407c2cedff20999df2af8eb42d56 -> 
  custom:framework-win-MediaFoundation: 216162199b28c13a410421893ffa2e32 -> 
  custom:container-demuxer-ogg: 62fdf1f143b41e24485cea50d1cbac27 -> 
  custom:video-decoder-webm-vp8: 9c59270c3fd7afecdb556c50c9e8de78 -> 
  custom:audio-decoder-ogg-vorbis: bf7c407c2cedff20999df2af8eb42d56 -> 
========================================================================
Received Import Request.
  Time since last request: 478610.149618 seconds.
  path: Assets/Scenes
  artifactKey: Guid(6ea315d0fd7389c41b19996891e99ae3) Importer(815301076,1909f56bfc062723c751e8b465ee728b)
Start importing Assets/Scenes using Guid(6ea315d0fd7389c41b19996891e99ae3) Importer(815301076,1909f56bfc062723c751e8b465ee728b)  -> (artifact id: 'b8193726cff86800c54781cdc6d54904') in 0.021363 seconds 
========================================================================
Received Import Request.
  Time since last request: 4.627891 seconds.
  path: Assets/Oculus
  artifactKey: Guid(804d47db32577704f90c18f1a4ba326f) Importer(815301076,1909f56bfc062723c751e8b465ee728b)
Start importing Assets/Oculus using Guid(804d47db32577704f90c18f1a4ba326f) Importer(815301076,1909f56bfc062723c751e8b465ee728b)  -> (artifact id: 'bf3460ca64d0ede2d224e4bed3a69e7b') in 0.012219 seconds 
========================================================================
Received Import Request.
  Time since last request: 0.023774 seconds.
  path: Assets/Oculus/OculusProjectConfig.asset
  artifactKey: Guid(35f195dfdd41c934a8398c6b38660263) Importer(815301076,1909f56bfc062723c751e8b465ee728b)
Start importing Assets/Oculus/OculusProjectConfig.asset using Guid(35f195dfdd41c934a8398c6b38660263) Importer(815301076,1909f56bfc062723c751e8b465ee728b)  -> (artifact id: '213abec7f2b74db29ec0b193c8b6d8c7') in 0.065845 seconds 
========================================================================
Received Import Request.
  Time since last request: 2.056364 seconds.
  path: Assets/Oculus/VR
  artifactKey: Guid(5f99bde2415af1b4b9e059b03212b822) Importer(815301076,1909f56bfc062723c751e8b465ee728b)
Start importing Assets/Oculus/VR using Guid(5f99bde2415af1b4b9e059b03212b822) Importer(815301076,1909f56bfc062723c751e8b465ee728b)  -> (artifact id: '72f51316583f257d3774980bfbe12355') in 0.014535 seconds 
========================================================================
Received Import Request.
  Time since last request: 0.072228 seconds.
  path: Assets/Oculus/VR/Oculus.VR.asmdef
  artifactKey: Guid(f64c9ebcd7899c3448a08dc9f9ddbe30) Importer(815301076,1909f56bfc062723c751e8b465ee728b)
Start importing Assets/Oculus/VR/Oculus.VR.asmdef using Guid(f64c9ebcd7899c3448a08dc9f9ddbe30) Importer(815301076,1909f56bfc062723c751e8b465ee728b)  -> (artifact id: 'cc825b6602c48da62a835e6d523089de') in 0.021508 seconds 
========================================================================
Received Import Request.
  Time since last request: 2.141856 seconds.
  path: Assets/Oculus/AudioManager
  artifactKey: Guid(3d03952642fb69044989f82ecfcafab9) Importer(815301076,1909f56bfc062723c751e8b465ee728b)
Start importing Assets/Oculus/AudioManager using Guid(3d03952642fb69044989f82ecfcafab9) Importer(815301076,1909f56bfc062723c751e8b465ee728b)  -> (artifact id: '7b10c2efb4aea016a19e7db2ab67536d') in 0.015128 seconds 
========================================================================
Received Import Request.
  Time since last request: 1.207557 seconds.
  path: Assets/Oculus/AudioManager/Oculus.AudioManager.asmdef
  artifactKey: Guid(21b850ac1b5452b46a20c637f002dbf9) Importer(815301076,1909f56bfc062723c751e8b465ee728b)
Start importing Assets/Oculus/AudioManager/Oculus.AudioManager.asmdef using Guid(21b850ac1b5452b46a20c637f002dbf9) Importer(815301076,1909f56bfc062723c751e8b465ee728b)  -> (artifact id: '58089d2b32c45622c45fb39fb8f5afbb') in 0.016411 seconds 
========================================================================
Received Import Request.
  Time since last request: 1.894282 seconds.
  path: Assets/Oculus/Interaction
  artifactKey: Guid(abaca7b5eabcb6445a68a0ac3e29099b) Importer(815301076,1909f56bfc062723c751e8b465ee728b)
Start importing Assets/Oculus/Interaction using Guid(abaca7b5eabcb6445a68a0ac3e29099b) Importer(815301076,1909f56bfc062723c751e8b465ee728b)  -> (artifact id: '0909461aea8e093b7bea10327abf94bf') in 0.009817 seconds 
========================================================================
Received Import Request.
  Time since last request: 2.510291 seconds.
  path: Assets/Oculus/LipSync
  artifactKey: Guid(c7532e4f81aad664b93a523d51b783f1) Importer(815301076,1909f56bfc062723c751e8b465ee728b)
Start importing Assets/Oculus/LipSync using Guid(c7532e4f81aad664b93a523d51b783f1) Importer(815301076,1909f56bfc062723c751e8b465ee728b)  -> (artifact id: '34a464fdb259ec85003cd9537b68dca8') in 0.012568 seconds 
========================================================================
Received Import Request.
  Time since last request: 0.045172 seconds.
  path: Assets/Oculus/LipSync/Oculus.LipSync.asmdef
  artifactKey: Guid(bf7126905a54c9746b9c475d69312766) Importer(815301076,1909f56bfc062723c751e8b465ee728b)
Start importing Assets/Oculus/LipSync/Oculus.LipSync.asmdef using Guid(bf7126905a54c9746b9c475d69312766) Importer(815301076,1909f56bfc062723c751e8b465ee728b)  -> (artifact id: 'c86833ef11b30713fb8d9bb7a21bec0a') in 0.023026 seconds 
========================================================================
Received Import Request.
  Time since last request: 1.605916 seconds.
  path: Assets/Oculus/LipSync/Assets
  artifactKey: Guid(404b6b1044f864c83becc58f44a8dff5) Importer(815301076,1909f56bfc062723c751e8b465ee728b)
Start importing Assets/Oculus/LipSync/Assets using Guid(404b6b1044f864c83becc58f44a8dff5) Importer(815301076,1909f56bfc062723c751e8b465ee728b)  -> (artifact id: '1c085bf35e2d0cbaff88aacfd3024a9b') in 0.015415 seconds 
========================================================================
Received Import Request.
  Time since last request: 0.801049 seconds.
  path: Assets/Oculus/LipSync/Assets/OfflineModel
  artifactKey: Guid(7b2d242d170b44fc3b3a1b9ba4adc0a7) Importer(815301076,1909f56bfc062723c751e8b465ee728b)
Start importing Assets/Oculus/LipSync/Assets/OfflineModel using Guid(7b2d242d170b44fc3b3a1b9ba4adc0a7) Importer(815301076,1909f56bfc062723c751e8b465ee728b)  -> (artifact id: 'ce23be2a6f37edc9de9a0fd64c52f918') in 0.013274 seconds 
========================================================================
Received Import Request.
  Time since last request: 1.889129 seconds.
  path: Assets/Oculus/LipSync/Models
  artifactKey: Guid(fe1e90827fcfcac4883e383c51a78ddd) Importer(815301076,1909f56bfc062723c751e8b465ee728b)
Start importing Assets/Oculus/LipSync/Models using Guid(fe1e90827fcfcac4883e383c51a78ddd) Importer(815301076,1909f56bfc062723c751e8b465ee728b)  -> (artifact id: '5c011b46500b4e0ee553bea7230f843e') in 0.013610 seconds 
========================================================================
Received Import Request.
  Time since last request: 2.389913 seconds.
  path: Assets/Oculus/SampleFramework
  artifactKey: Guid(8d7bc19966353424b84a9c0e5c47c431) Importer(815301076,1909f56bfc062723c751e8b465ee728b)
Start importing Assets/Oculus/SampleFramework using Guid(8d7bc19966353424b84a9c0e5c47c431) Importer(815301076,1909f56bfc062723c751e8b465ee728b)  -> (artifact id: '855dc53bbb89ae0fc520a28ae4fcd909') in 0.009951 seconds 
========================================================================
Received Import Request.
  Time since last request: 2.383449 seconds.
  path: Assets/Oculus/SampleFramework/Core
  artifactKey: Guid(a6f70e53f5bf3f548b587fd2570d8f03) Importer(815301076,1909f56bfc062723c751e8b465ee728b)
Start importing Assets/Oculus/SampleFramework/Core using Guid(a6f70e53f5bf3f548b587fd2570d8f03) Importer(815301076,1909f56bfc062723c751e8b465ee728b)  -> (artifact id: '7c0978f4868e6ae829279bf4dff8e935') in 0.015104 seconds 
========================================================================
Received Import Request.
  Time since last request: 2.781949 seconds.
  path: Assets/Oculus/Spatializer
  artifactKey: Guid(eee29c6d8b5a83746a80c3243885f022) Importer(815301076,1909f56bfc062723c751e8b465ee728b)
Start importing Assets/Oculus/Spatializer using Guid(eee29c6d8b5a83746a80c3243885f022) Importer(815301076,1909f56bfc062723c751e8b465ee728b)  -> (artifact id: '013db314c584ae56143341d8a8326f39') in 0.014066 seconds 
========================================================================
Received Import Request.
  Time since last request: 0.676857 seconds.
  path: Assets/Oculus/Voice
  artifactKey: Guid(9c45488861c9ff644a95dfcf400cf83a) Importer(815301076,1909f56bfc062723c751e8b465ee728b)
Start importing Assets/Oculus/Voice using Guid(9c45488861c9ff644a95dfcf400cf83a) Importer(815301076,1909f56bfc062723c751e8b465ee728b)  -> (artifact id: '8d4fd7109becaf5f0b29e81f15c6d8dc') in 0.012106 seconds 
========================================================================
Received Import Request.
  Time since last request: 4.287444 seconds.
  path: Assets/Oculus/VR/Scenes
  artifactKey: Guid(68bc04068edcc1a4d89699ab4e2e69ae) Importer(815301076,1909f56bfc062723c751e8b465ee728b)
Start importing Assets/Oculus/VR/Scenes using Guid(68bc04068edcc1a4d89699ab4e2e69ae) Importer(815301076,1909f56bfc062723c751e8b465ee728b)  -> (artifact id: '5d8716753b23a36e73b138270a36894b') in 0.003324 seconds 
========================================================================
Received Import Request.
  Time since last request: 1.734712 seconds.
  path: Assets/Oculus/VR/Scenes/Cubes.unity
  artifactKey: Guid(d920b3d2525670f4abad3d20eda3b349) Importer(815301076,1909f56bfc062723c751e8b465ee728b)
Start importing Assets/Oculus/VR/Scenes/Cubes.unity using Guid(d920b3d2525670f4abad3d20eda3b349) Importer(815301076,1909f56bfc062723c751e8b465ee728b)  -> (artifact id: '39afa87da72a1924b45748bdec6ede6e') in 0.010776 seconds 
========================================================================
Received Import Request.
  Time since last request: 6.517364 seconds.
  path: Assets/Oculus/VR/Scenes/Room.unity
  artifactKey: Guid(54445976c1dbf1c49bb38ba7eba558e8) Importer(815301076,1909f56bfc062723c751e8b465ee728b)
Start importing Assets/Oculus/VR/Scenes/Room.unity using Guid(54445976c1dbf1c49bb38ba7eba558e8) Importer(815301076,1909f56bfc062723c751e8b465ee728b)  -> (artifact id: 'e4e6caddb622b41598743b93a5abe1a5') in 0.014156 seconds 
========================================================================
Received Import Request.
  Time since last request: 5.429456 seconds.
  path: Assets/Oculus/VR/Scenes/HandTest.unity
  artifactKey: Guid(b9a31e08066d6e343a208d34ec298f09) Importer(815301076,1909f56bfc062723c751e8b465ee728b)
Start importing Assets/Oculus/VR/Scenes/HandTest.unity using Guid(b9a31e08066d6e343a208d34ec298f09) Importer(815301076,1909f56bfc062723c751e8b465ee728b)  -> (artifact id: '123ae76adacefee6d5ea26f6d1fac1a4') in 0.013594 seconds 
========================================================================
Received Import Request.
  Time since last request: 6.030978 seconds.
  path: Assets/Oculus/VR/Scenes/ControllerModels.unity
  artifactKey: Guid(39cfe7aa0a2d46c47994d8d0308ec663) Importer(815301076,1909f56bfc062723c751e8b465ee728b)
Start importing Assets/Oculus/VR/Scenes/ControllerModels.unity using Guid(39cfe7aa0a2d46c47994d8d0308ec663) Importer(815301076,1909f56bfc062723c751e8b465ee728b)  -> (artifact id: '36f1ba01f7f1b036ced03938a411bd3b') in 0.014643 seconds 
========================================================================
Received Import Request.
  Time since last request: 2.079365 seconds.
  path: Assets/Oculus/VR/Scenes/Trivial.unity
  artifactKey: Guid(d8d21f2460d13554780e4af04a9e0d6e) Importer(815301076,1909f56bfc062723c751e8b465ee728b)
Start importing Assets/Oculus/VR/Scenes/Trivial.unity using Guid(d8d21f2460d13554780e4af04a9e0d6e) Importer(815301076,1909f56bfc062723c751e8b465ee728b)  -> (artifact id: 'aa433944509afb74f15e59e042f4f028') in 0.012748 seconds 
========================================================================
Received Import Request.
  Time since last request: 1.904017 seconds.
  path: Assets/Oculus/VR/Scenes/UI.unity
  artifactKey: Guid(1f4d3ae64a10d434db219de8b14348e1) Importer(815301076,1909f56bfc062723c751e8b465ee728b)
Start importing Assets/Oculus/VR/Scenes/UI.unity using Guid(1f4d3ae64a10d434db219de8b14348e1) Importer(815301076,1909f56bfc062723c751e8b465ee728b)  -> (artifact id: 'cf6989ae6b66c11347fe7ca2a4478ea7') in 0.015279 seconds 
========================================================================
Received Import Request.
  Time since last request: 1.382733 seconds.
  path: Assets/Oculus/VR/Scenes/HandTest_Custom.unity
  artifactKey: Guid(c884d076d6398b54492bcc64bbe30bf5) Importer(815301076,1909f56bfc062723c751e8b465ee728b)
Start importing Assets/Oculus/VR/Scenes/HandTest_Custom.unity using Guid(c884d076d6398b54492bcc64bbe30bf5) Importer(815301076,1909f56bfc062723c751e8b465ee728b)  -> (artifact id: '846c242010d407fbb64a00f59a36108b') in 0.013241 seconds 
========================================================================
Received Import Request.
  Time since last request: 2.089570 seconds.
  path: Assets/Oculus/VR/Scenes/MRC.unity
  artifactKey: Guid(c249320cff740054f973da7f7e24bd1f) Importer(815301076,1909f56bfc062723c751e8b465ee728b)
Start importing Assets/Oculus/VR/Scenes/MRC.unity using Guid(c249320cff740054f973da7f7e24bd1f) Importer(815301076,1909f56bfc062723c751e8b465ee728b)  -> (artifact id: '8b79be8376246f71761487108769d626') in 0.014771 seconds 
========================================================================
Received Import Request.
  Time since last request: 1.453193 seconds.
  path: Assets/Oculus/VR/Scenes/SpectatorMode.unity
  artifactKey: Guid(48f290ede0df84ec8bd990c5f5026654) Importer(815301076,1909f56bfc062723c751e8b465ee728b)
Start importing Assets/Oculus/VR/Scenes/SpectatorMode.unity using Guid(48f290ede0df84ec8bd990c5f5026654) Importer(815301076,1909f56bfc062723c751e8b465ee728b)  -> (artifact id: '68a3835a36351f5f9a9145246b042791') in 0.014659 seconds 
========================================================================
Received Import Request.
  Time since last request: 0.577063 seconds.
  path: Assets/Oculus/VR/Scenes/TrackedKeyboard.unity
  artifactKey: Guid(eb540761693b1de438733a3581e21f58) Importer(815301076,1909f56bfc062723c751e8b465ee728b)
Start importing Assets/Oculus/VR/Scenes/TrackedKeyboard.unity using Guid(eb540761693b1de438733a3581e21f58) Importer(815301076,1909f56bfc062723c751e8b465ee728b)  -> (artifact id: '1f8ee53a28e0cf5ced5ed7f52c24e2a7') in 0.013572 seconds 
========================================================================
Received Import Request.
  Time since last request: 21.016569 seconds.
  path: Assets/Oculus/VR/Prefabs
  artifactKey: Guid(bfe39332fdb4cb044b619b3e4b890396) Importer(815301076,1909f56bfc062723c751e8b465ee728b)
Start importing Assets/Oculus/VR/Prefabs using Guid(bfe39332fdb4cb044b619b3e4b890396) Importer(815301076,1909f56bfc062723c751e8b465ee728b)  -> (artifact id: 'ac4f70bfabfef51ffb873d5cdc879e47') in 0.013583 seconds 
========================================================================
Received Import Request.
  Time since last request: 0.029383 seconds.
  path: Assets/Oculus/VR/Prefabs/Cursor_Timer.prefab
  artifactKey: Guid(5a7682c244a150b49965c007720bdbb7) Importer(815301076,1909f56bfc062723c751e8b465ee728b)
Start importing Assets/Oculus/VR/Prefabs/Cursor_Timer.prefab using Guid(5a7682c244a150b49965c007720bdbb7) Importer(815301076,1909f56bfc062723c751e8b465ee728b)  -> (artifact id: 'bce8072b5d9ceb6f55218362de7eb070') in 0.254841 seconds 
========================================================================
Received Import Request.
  Time since last request: 0.000034 seconds.
  path: Assets/Oculus/VR/Prefabs/OVRCubemapCaptureProbe.prefab
  artifactKey: Guid(7a400e96d4650ff4e827a7e727fad81d) Importer(815301076,1909f56bfc062723c751e8b465ee728b)
Start importing Assets/Oculus/VR/Prefabs/OVRCubemapCaptureProbe.prefab using Guid(7a400e96d4650ff4e827a7e727fad81d) Importer(815301076,1909f56bfc062723c751e8b465ee728b)  -> (artifact id: 'd21141302b07bdb68a1d1e4fdf8f9817') in 0.014757 seconds 
========================================================================
Received Import Request.
  Time since last request: 0.000081 seconds.
  path: Assets/Oculus/VR/Prefabs/OVRHandPrefab.prefab
  artifactKey: Guid(835e735ca71bf78459fb2cababd74112) Importer(815301076,1909f56bfc062723c751e8b465ee728b)
Start importing Assets/Oculus/VR/Prefabs/OVRHandPrefab.prefab using Guid(835e735ca71bf78459fb2cababd74112) Importer(815301076,1909f56bfc062723c751e8b465ee728b)  -> (artifact id: '178a606ae284dbb040b01ea86139a594') in 0.017467 seconds 
========================================================================
Received Import Request.
  Time since last request: 0.000034 seconds.
  path: Assets/Oculus/VR/Prefabs/OVRPlayerController.prefab
  artifactKey: Guid(ce816f2e6abb0504092c23ed9b970dfd) Importer(815301076,1909f56bfc062723c751e8b465ee728b)
Start importing Assets/Oculus/VR/Prefabs/OVRPlayerController.prefab using Guid(ce816f2e6abb0504092c23ed9b970dfd) Importer(815301076,1909f56bfc062723c751e8b465ee728b)  -> (artifact id: 'f6b5864612dd672d9026b70a53f0cb60') in 0.018278 seconds 
========================================================================
Received Import Request.
  Time since last request: 0.000034 seconds.
  path: Assets/Oculus/VR/Prefabs/OVRControllerPrefab.prefab
  artifactKey: Guid(d9809c5e8418bb047bf2c8ba1d1a2cec) Importer(815301076,1909f56bfc062723c751e8b465ee728b)
Start importing Assets/Oculus/VR/Prefabs/OVRControllerPrefab.prefab using Guid(d9809c5e8418bb047bf2c8ba1d1a2cec) Importer(815301076,1909f56bfc062723c751e8b465ee728b)  -> (artifact id: '6be85df7a264dc2dfed97a537b685136') in 1.545300 seconds 
Editor requested this worker to shutdown with reason: Scaling down because of idle timeout
AssetImportWorker is now disconnected from the server
Process exiting
Exiting without the bug reporter. Application will terminate with return code 0